[1/6] Performing build step for 'bootloader'
[1/1] cmd.exe /C "cd /D D:\YZP\Desktop\Indicator_openai\build\bootloader\esp-idf\esptool_py && D:\Embedded\Espressif\python_env\idf5.0_py3.11_env\Scripts\python.exe D:/Embedded/Espressif/frameworks/esp-idf-v5.0.1/components/partition_table/check_sizes.py --offset 0x8000 bootloader 0x0 D:/YZP/Desktop/Indicator_openai/build/bootloader/bootloader.bin"
Bootloader binary size 0x5700 bytes. 0x2900 bytes (32%) free.
[2/4] Linking CXX executable Indicator_openai.elf
FAILED: Indicator_openai.elf 
cmd.exe /C "cd . && D:\Embedded\Espressif\tools\xtensa-esp32s3-elf\esp-2022r1-11.2.0\xtensa-esp32s3-elf\bin\xtensa-esp32s3-elf-g++.exe -mlongcalls  @CMakeFiles\Indicator_openai.elf.rsp -o Indicator_openai.elf  && cd ."
d:/embedded/espressif/tools/xtensa-esp32s3-elf/esp-2022r1-11.2.0/xtensa-esp32s3-elf/bin/../lib/gcc/xtensa-esp32s3-elf/11.2.0/../../../../xtensa-esp32s3-elf/bin/ld.exe: esp-idf/main/libmain.a(ui.c.obj):(.literal.ui_OpenAI_screen_init+0x8): undefined reference to `ui_img_openai_png'
d:/embedded/espressif/tools/xtensa-esp32s3-elf/esp-2022r1-11.2.0/xtensa-esp32s3-elf/bin/../lib/gcc/xtensa-esp32s3-elf/11.2.0/../../../../xtensa-esp32s3-elf/bin/ld.exe: esp-idf/main/libmain.a(ui.c.obj):(.literal.ui_ChatGPT2_screen_init+0x24): undefined reference to `ui_img_274874543'
d:/embedded/espressif/tools/xtensa-esp32s3-elf/esp-2022r1-11.2.0/xtensa-esp32s3-elf/bin/../lib/gcc/xtensa-esp32s3-elf/11.2.0/../../../../xtensa-esp32s3-elf/bin/ld.exe: esp-idf/main/libmain.a(ui.c.obj):(.literal.ui_ChatGPT2_screen_init+0x38): undefined reference to `ui_img_983135800'
collect2.exe: error: ld returned 1 exit status
ninja: build stopped: subcommand failed.
